<?xml version="1.0" encoding="UTF-8"?>
<!-- Generated by org.testng.reporters.JUnitReportReporter -->
<testsuite hostname="DESKTOP-D3JSURT" failures="0" tests="1" name="TestComponents.SubmitOrderTest" time="20.947" errors="0" timestamp="2024-10-27T18:58:14 IST" skipped="0">
  <testcase classname="TestComponents.SubmitOrderTest" name="submitOrder" time="20.947"/>
</testsuite> <!-- TestComponents.SubmitOrderTest -->
