<?xml version="1.0" encoding="UTF-8"?>
<!-- Generated by org.testng.reporters.JUnitReportReporter -->
<testsuite hostname="DESKTOP-D3JSURT" failures="0" tests="1" name="Cucumber.TestNGTestRunner" time="17.481" errors="0" timestamp="2024-10-27T23:26:39 IST" skipped="0">
  <testcase classname="Cucumber.TestNGTestRunner" name="runScenario" time="17.481"/>
</testsuite> <!-- Cucumber.TestNGTestRunner -->
